

HI-TECH Software 8051 Macro Assembler V9.60                                Page 1
                                                       Sun Apr 14 06:52:43 2024

     1                           	psect	idata,class=DATA,space=1,limit=080h
     2                           	psect	irdata,class=DATA,limit=080h
     3                           	global	_main
     4                           	signat	_main,88
     5                           	global	stack_internal
     6                           	psect	text,class=CODE
     7                           	psect	text
     8                           	file	"D:\Shared\WSPR5\project1\main.c"
     9                           	line	3
    10  0010F                     _main:
    11  0010F  02 027D            	j	f1411
    12  00112                     f1410:
    13                           ;main.c: 3: void main() {
    14                           
    15                           ;	var   _i assigned to ?a_main+0
    16                           	psect	data,class=CODE
    17                           	psect	data
    18  00100                     F158:
    19  00100  41                 	db	(65)
    20  00101  42                 	db	(66)
    21  00102  43                 	db	(67)
    22  00103  44                 	db	(68)
    23  00104  00                 	db	0
    24  00105  45                 	db	(69)
    25  00106  46                 	db	(70)
    26  00107  47                 	db	(71)
    27  00108  48                 	db	(72)
    28  00109  00                 	db	0
    29  0010A  49                 	db	(73)
    30  0010B  4A                 	db	(74)
    31  0010C  4B                 	db	(75)
    32  0010D  20                 	db	(32)
    33  0010E  00                 	db	0
    34                           ;	var   _keys assigned to ?a_main+2
    35                           ;main.c: 4: int i;
    36                           
    37                           ;main.c: 5: char keys[3][5] = {{'A', 'B', 'C', '
                                 D'},
    38                           
    39                           ;main.c: 6: {'E', 'F', 'G', 'H'},
    40                           
    41                           ;main.c: 7: {'I', 'J', 'K', ' '}};
    42                           
    43                           	psect	text
    44                           	line	7
    45  00112  78 01              	mov	r0,#high (F158)
    46  00114  79 00              	mov	r1,#low (F158)
    47  00116  7A 00              	mov	r2,#high (?a_main+2)
    48  00118  7B 22              	mov	r3,#low (?a_main+2)
    49  0011A  7D 0F              	mov	r5,#low 15
    50  0011C  7C 00              	mov	r4,#high 15
    51                           	global	str_copy
    52  0011E  12 0019            	lcall	str_copy
    53                           ;main.c: 8: P0 = 0x38;
    54                           
    55                           	line	8
    56  00121  75 80 38           	mov	080h,#56
    57                           ;main.c: 9: P2 = 0x1;
    58                           
    59                           	line	9
    60  00124  75 A0 01           	mov	0A0h,#1
    61                           ;main.c: 10: P2 = 0x0;
    62                           
    63                           	line	10
    64  00127  75 A0 00           	mov	0A0h,#0
    65                           ;main.c: 11: P0 = 0x80;
    66                           
    67                           	line	11
    68  0012A  75 80 80           	mov	080h,#128
    69                           ;main.c: 12: P2 = 0x1;
    70                           
    71                           	line	12
    72  0012D  75 A0 01           	mov	0A0h,#1
    73                           ;main.c: 13: P2 = 0x0;
    74                           
    75                           	line	13
    76  00130  75 A0 00           	mov	0A0h,#0
    77                           ;main.c: 14: P3 = 0x0;
    78                           
    79                           	line	14
    80  00133  75 B0 00           	mov	0B0h,#0
    81                           ;main.c: 16: while(1) {
    82                           
    83                           	line	16
    84  00136                     l5:
    85                           ;main.c: 17: P10 = 0;
    86                           
    87                           	line	17
    88  00136  C2 90              	clr	p1.0
    89                           ;main.c: 18: if (P13 == 0) {P0 = keys[0][3]; P2 
                                 = 0x3; P2 = 0x2; while(P13 == 0);}
    90                           
    91                           	line	18
    92  00138  20 93 02           	bb	p1.3, u11
    93  0013B  80 02              	jmp	u10
    94  0013D                     u11:
    95  0013D  80 13              	jmp	l7
    96  0013F                     u10:
    97  0013F  79 25              	mov	r1,#?a_main+2+03h
    98  00141  87 80              	mov	080h,@r1
    99  00143  75 A0 03           	mov	0A0h,#3
   100  00146  75 A0 02           	mov	0A0h,#2
   101  00149  80 00              	jmp	l8
   102  0014B                     l9:
   103  0014B                     l8:
   104  0014B  30 93 02           	bnb	p1.3, u21
   105  0014E  80 02              	jmp	u20
   106  00150                     u21:
   107  00150  80 F9              	jmp	l9
   108  00152                     u20:
   109  00152                     l10:
   110  00152                     l7:
   111                           ;main.c: 19: if (P14 == 0) {P0 = keys[0][2]; P2 
                                 = 0x3; P2 = 0x2; while(P14 == 0);}
   112                           
   113                           	line	19
   114  00152  20 94 02           	bb	p1.4, u31
   115  00155  80 02              	jmp	u30
   116  00157                     u31:
   117  00157  80 13              	jmp	l11
   118  00159                     u30:
   119  00159  79 24              	mov	r1,#?a_main+2+02h
   120  0015B  87 80              	mov	080h,@r1
   121  0015D  75 A0 03           	mov	0A0h,#3
   122  00160  75 A0 02           	mov	0A0h,#2
   123  00163  80 00              	jmp	l12
   124  00165                     l13:
   125  00165                     l12:
   126  00165  30 94 02           	bnb	p1.4, u41
   127  00168  80 02              	jmp	u40
   128  0016A                     u41:
   129  0016A  80 F9              	jmp	l13
   130  0016C                     u40:
   131  0016C                     l14:
   132  0016C                     l11:
   133                           ;main.c: 20: if (P15 == 0) {P0 = keys[0][1]; P2 
                                 = 0x3; P2 = 0x2; while(P15 == 0);}
   134                           
   135                           	line	20
   136  0016C  20 95 02           	bb	p1.5, u51
   137  0016F  80 02              	jmp	u50
   138  00171                     u51:
   139  00171  80 13              	jmp	l15
   140  00173                     u50:
   141  00173  79 23              	mov	r1,#?a_main+2+01h
   142  00175  87 80              	mov	080h,@r1
   143  00177  75 A0 03           	mov	0A0h,#3
   144  0017A  75 A0 02           	mov	0A0h,#2
   145  0017D  80 00              	jmp	l16
   146  0017F                     l17:
   147  0017F                     l16:
   148  0017F  30 95 02           	bnb	p1.5, u61
   149  00182  80 02              	jmp	u60
   150  00184                     u61:
   151  00184  80 F9              	jmp	l17
   152  00186                     u60:
   153  00186                     l18:
   154  00186                     l15:
   155                           ;main.c: 21: if (P16 == 0) {P0 = keys[0][0]; P2 
                                 = 0x3; P2 = 0x2; while(P16 == 0);}
   156                           
   157                           	line	21
   158  00186  20 96 02           	bb	p1.6, u71
   159  00189  80 02              	jmp	u70
   160  0018B                     u71:
   161  0018B  80 13              	jmp	l19
   162  0018D                     u70:
   163  0018D  79 22              	mov	r1,#?a_main+2
   164  0018F  87 80              	mov	080h,@r1
   165  00191  75 A0 03           	mov	0A0h,#3
   166  00194  75 A0 02           	mov	0A0h,#2
   167  00197  80 00              	jmp	l20
   168  00199                     l21:
   169  00199                     l20:
   170  00199  30 96 02           	bnb	p1.6, u81
   171  0019C  80 02              	jmp	u80
   172  0019E                     u81:
   173  0019E  80 F9              	jmp	l21
   174  001A0                     u80:
   175  001A0                     l22:
   176  001A0                     l19:
   177                           ;main.c: 22: P10 = 1;
   178                           
   179                           	line	22
   180  001A0  D2 90              	setb	p1.0
   181                           ;main.c: 24: P11 = 0;
   182                           
   183                           	line	24
   184  001A2  C2 91              	clr	p1.1
   185                           ;main.c: 25: if (P13 == 0) {P0 = keys[1][3]; P2 
                                 = 0x3; P2 = 0x2; while(P13 == 0);}
   186                           
   187                           	line	25
   188  001A4  20 93 02           	bb	p1.3, u91
   189  001A7  80 02              	jmp	u90
   190  001A9                     u91:
   191  001A9  80 13              	jmp	l23
   192  001AB                     u90:
   193  001AB  79 2A              	mov	r1,#?a_main+2+08h
   194  001AD  87 80              	mov	080h,@r1
   195  001AF  75 A0 03           	mov	0A0h,#3
   196  001B2  75 A0 02           	mov	0A0h,#2
   197  001B5  80 00              	jmp	l24
   198  001B7                     l25:
   199  001B7                     l24:
   200  001B7  30 93 02           	bnb	p1.3, u101
   201  001BA  80 02              	jmp	u100
   202  001BC                     u101:
   203  001BC  80 F9              	jmp	l25
   204  001BE                     u100:
   205  001BE                     l26:
   206  001BE                     l23:
   207                           ;main.c: 26: if (P14 == 0) {P0 = keys[1][2]; P2 
                                 = 0x3; P2 = 0x2; while(P14 == 0);}
   208                           
   209                           	line	26
   210  001BE  20 94 02           	bb	p1.4, u111
   211  001C1  80 02              	jmp	u110
   212  001C3                     u111:
   213  001C3  80 13              	jmp	l27
   214  001C5                     u110:
   215  001C5  79 29              	mov	r1,#?a_main+2+07h
   216  001C7  87 80              	mov	080h,@r1
   217  001C9  75 A0 03           	mov	0A0h,#3
   218  001CC  75 A0 02           	mov	0A0h,#2
   219  001CF  80 00              	jmp	l28
   220  001D1                     l29:
   221  001D1                     l28:
   222  001D1  30 94 02           	bnb	p1.4, u121
   223  001D4  80 02              	jmp	u120
   224  001D6                     u121:
   225  001D6  80 F9              	jmp	l29
   226  001D8                     u120:
   227  001D8                     l30:
   228  001D8                     l27:
   229                           ;main.c: 27: if (P15 == 0) {P0 = keys[1][1]; P2 
                                 = 0x3; P2 = 0x2; while(P15 == 0);}
   230                           
   231                           	line	27
   232  001D8  20 95 02           	bb	p1.5, u131
   233  001DB  80 02              	jmp	u130
   234  001DD                     u131:
   235  001DD  80 13              	jmp	l31
   236  001DF                     u130:
   237  001DF  79 28              	mov	r1,#?a_main+2+06h
   238  001E1  87 80              	mov	080h,@r1
   239  001E3  75 A0 03           	mov	0A0h,#3
   240  001E6  75 A0 02           	mov	0A0h,#2
   241  001E9  80 00              	jmp	l32
   242  001EB                     l33:
   243  001EB                     l32:
   244  001EB  30 95 02           	bnb	p1.5, u141
   245  001EE  80 02              	jmp	u140
   246  001F0                     u141:
   247  001F0  80 F9              	jmp	l33
   248  001F2                     u140:
   249  001F2                     l34:
   250  001F2                     l31:
   251                           ;main.c: 28: if (P16 == 0) {P0 = keys[1][0]; P2 
                                 = 0x3; P2 = 0x2; while(P16 == 0);}
   252                           
   253                           	line	28
   254  001F2  20 96 02           	bb	p1.6, u151
   255  001F5  80 02              	jmp	u150
   256  001F7                     u151:
   257  001F7  80 13              	jmp	l35
   258  001F9                     u150:
   259  001F9  79 27              	mov	r1,#?a_main+2+05h
   260  001FB  87 80              	mov	080h,@r1
   261  001FD  75 A0 03           	mov	0A0h,#3
   262  00200  75 A0 02           	mov	0A0h,#2
   263  00203  80 00              	jmp	l36
   264  00205                     l37:
   265  00205                     l36:
   266  00205  30 96 02           	bnb	p1.6, u161
   267  00208  80 02              	jmp	u160
   268  0020A                     u161:
   269  0020A  80 F9              	jmp	l37
   270  0020C                     u160:
   271  0020C                     l38:
   272  0020C                     l35:
   273                           ;main.c: 29: P11 = 1;
   274                           
   275                           	line	29
   276  0020C  D2 91              	setb	p1.1
   277                           ;main.c: 31: P12 = 0;
   278                           
   279                           	line	31
   280  0020E  C2 92              	clr	p1.2
   281                           ;main.c: 32: if (P13 == 0) {P0 = 0x01; P2 = 0x1;
                                  P2 = 0x0; while(P13 == 0);}
   282                           
   283                           	line	32
   284  00210  20 93 02           	bb	p1.3, u171
   285  00213  80 02              	jmp	u170
   286  00215                     u171:
   287  00215  80 12              	jmp	l39
   288  00217                     u170:
   289  00217  75 80 01           	mov	080h,#1
   290  0021A  75 A0 01           	mov	0A0h,#1
   291  0021D  75 A0 00           	mov	0A0h,#0
   292  00220  80 00              	jmp	l40
   293  00222                     l41:
   294  00222                     l40:
   295  00222  30 93 02           	bnb	p1.3, u181
   296  00225  80 02              	jmp	u180
   297  00227                     u181:
   298  00227  80 F9              	jmp	l41
   299  00229                     u180:
   300  00229                     l42:
   301  00229                     l39:
   302                           ;main.c: 33: if (P14 == 0) {P0 = keys[2][2]; P2 
                                 = 0x3; P2 = 0x2; while(P14 == 0);}
   303                           
   304                           	line	33
   305  00229  20 94 02           	bb	p1.4, u191
   306  0022C  80 02              	jmp	u190
   307  0022E                     u191:
   308  0022E  80 13              	jmp	l43
   309  00230                     u190:
   310  00230  79 2E              	mov	r1,#?a_main+2+0Ch
   311  00232  87 80              	mov	080h,@r1
   312  00234  75 A0 03           	mov	0A0h,#3
   313  00237  75 A0 02           	mov	0A0h,#2
   314  0023A  80 00              	jmp	l44
   315  0023C                     l45:
   316  0023C                     l44:
   317  0023C  30 94 02           	bnb	p1.4, u201
   318  0023F  80 02              	jmp	u200
   319  00241                     u201:
   320  00241  80 F9              	jmp	l45
   321  00243                     u200:
   322  00243                     l46:
   323  00243                     l43:
   324                           ;main.c: 34: if (P15 == 0) {P0 = keys[2][1]; P2 
                                 = 0x3; P2 = 0x2; while(P15 == 0);}
   325                           
   326                           	line	34
   327  00243  20 95 02           	bb	p1.5, u211
   328  00246  80 02              	jmp	u210
   329  00248                     u211:
   330  00248  80 13              	jmp	l47
   331  0024A                     u210:
   332  0024A  79 2D              	mov	r1,#?a_main+2+0Bh
   333  0024C  87 80              	mov	080h,@r1
   334  0024E  75 A0 03           	mov	0A0h,#3
   335  00251  75 A0 02           	mov	0A0h,#2
   336  00254  80 00              	jmp	l48
   337  00256                     l49:
   338  00256                     l48:
   339  00256  30 95 02           	bnb	p1.5, u221
   340  00259  80 02              	jmp	u220
   341  0025B                     u221:
   342  0025B  80 F9              	jmp	l49
   343  0025D                     u220:
   344  0025D                     l50:
   345  0025D                     l47:
   346                           ;main.c: 35: if (P16 == 0) {P0 = keys[2][0]; P2 
                                 = 0x3; P2 = 0x2; while(P16 == 0);}
   347                           
   348                           	line	35
   349  0025D  20 96 02           	bb	p1.6, u231
   350  00260  80 02              	jmp	u230
   351  00262                     u231:
   352  00262  80 13              	jmp	l51
   353  00264                     u230:
   354  00264  79 2C              	mov	r1,#?a_main+2+0Ah
   355  00266  87 80              	mov	080h,@r1
   356  00268  75 A0 03           	mov	0A0h,#3
   357  0026B  75 A0 02           	mov	0A0h,#2
   358  0026E  80 00              	jmp	l52
   359  00270                     l53:
   360  00270                     l52:
   361  00270  30 96 02           	bnb	p1.6, u241
   362  00273  80 02              	jmp	u240
   363  00275                     u241:
   364  00275  80 F9              	jmp	l53
   365  00277                     u240:
   366  00277                     l54:
   367  00277                     l51:
   368                           ;main.c: 36: P12 = 1;
   369                           
   370                           	line	36
   371  00277  D2 92              	setb	p1.2
   372                           	line	37
   373  00279                     l4:
   374                           	line	16
   375  00279  02 0136            	jmp	l5
   376  0027C                     l6:
   377                           ;main.c: 37: }
   378                           
   379                           ;main.c: 38: }
   380                           
   381                           	line	38
   382  0027C                     l3:
   383  0027C  22                 	ret
   384  0027D                     f1411:
   385  0027D  02 0112            	j	f1410
   386                           	FNSIZE	_main,17,0
   387                           	global	?a_main
   388  0000                     f1412	equ	0
   389  0000                     _A10	equ	162
   390  0000                     _A11	equ	163
   391  0000                     _A12	equ	164
   392  0000                     _A13	equ	165
   393  0000                     _A14	equ	166
   394  0000                     _A15	equ	167
   395  0000                     _A8	equ	160
   396  0000                     _A9	equ	161
   397  0000                     _AC	equ	214
   398  0000                     _ACC0	equ	224
   399  0000                     _ACC1	equ	225
   400  0000                     _ACC2	equ	226
   401  0000                     _ACC3	equ	227
   402  0000                     _ACC4	equ	228
   403  0000                     _ACC5	equ	229
   404  0000                     _ACC6	equ	230
   405  0000                     _ACC7	equ	231
   406  0000                     _AD0	equ	128
   407  0000                     _AD1	equ	129
   408  0000                     _AD2	equ	130
   409  0000                     _AD3	equ	131
   410  0000                     _AD4	equ	132
   411  0000                     _AD5	equ	133
   412  0000                     _AD6	equ	134
   413  0000                     _AD7	equ	135
   414  0000                     _B0	equ	240
   415  0000                     _B1	equ	241
   416  0000                     _B2	equ	242
   417  0000                     _B3	equ	243
   418  0000                     _B4	equ	244
   419  0000                     _B5	equ	245
   420  0000                     _B6	equ	246
   421  0000                     _B7	equ	247
   422  0000                     _CY	equ	215
   423  0000                     _EA	equ	175
   424  0000                     _ES	equ	172
   425  0000                     _ET0	equ	169
   426  0000                     _ET1	equ	171
   427  0000                     _EX0	equ	168
   428  0000                     _EX1	equ	170
   429  0000                     _F0	equ	213
   430  0000                     _IE0	equ	137
   431  0000                     _IE1	equ	139
   432  0000                     _INT0	equ	178
   433  0000                     _INT1	equ	179
   434  0000                     _IT0	equ	136
   435  0000                     _IT1	equ	138
   436  0000                     _OV	equ	210
   437  0000                     _P	equ	208
   438  0000                     _P00	equ	128
   439  0000                     _P01	equ	129
   440  0000                     _P02	equ	130
   441  0000                     _P03	equ	131
   442  0000                     _P04	equ	132
   443  0000                     _P05	equ	133
   444  0000                     _P06	equ	134
   445  0000                     _P07	equ	135
   446  0000                     _P10	equ	144
   447  0000                     _P11	equ	145
   448  0000                     _P12	equ	146
   449  0000                     _P13	equ	147
   450  0000                     _P14	equ	148
   451  0000                     _P15	equ	149
   452  0000                     _P16	equ	150
   453  0000                     _P17	equ	151
   454  0000                     _P20	equ	160
   455  0000                     _P21	equ	161
   456  0000                     _P22	equ	162
   457  0000                     _P23	equ	163
   458  0000                     _P24	equ	164
   459  0000                     _P25	equ	165
   460  0000                     _P26	equ	166
   461  0000                     _P27	equ	167
   462  0000                     _P30	equ	176
   463  0000                     _P31	equ	177
   464  0000                     _P32	equ	178
   465  0000                     _P33	equ	179
   466  0000                     _P34	equ	180
   467  0000                     _P35	equ	181
   468  0000                     _P36	equ	182
   469  0000                     _P37	equ	183
   470  0000                     _PS	equ	188
   471  0000                     _PT0	equ	185
   472  0000                     _PT1	equ	187
   473  0000                     _PX0	equ	184
   474  0000                     _PX1	equ	186
   475  0000                     _RB8	equ	154
   476  0000                     _RD	equ	183
   477  0000                     _REN	equ	156
   478  0000                     _RI	equ	152
   479  0000                     _RS0	equ	211
   480  0000                     _RS1	equ	212
   481  0000                     _RXD	equ	176
   482  0000                     _SM0	equ	159
   483  0000                     _SM1	equ	158
   484  0000                     _SM2	equ	157
   485  0000                     _T0	equ	180
   486  0000                     _T1	equ	181
   487  0000                     _TB8	equ	155
   488  0000                     _TF0	equ	141
   489  0000                     _TF1	equ	143
   490  0000                     _TI	equ	153
   491  0000                     _TR0	equ	140
   492  0000                     _TR1	equ	142
   493  0000                     _TXD	equ	177
   494  0000                     _WR	equ	182
   495  0000                     _ACC	equ	224
   496  0000                     _B	equ	240
   497  0000                     _DPH	equ	131
   498  0000                     _DPL	equ	130
   499  0000                     _IE	equ	168
   500  0000                     _IP	equ	184
   501  0000                     _P0	equ	128
   502  0000                     _P1	equ	144
   503  0000                     _P2	equ	160
   504  0000                     _P3	equ	176
   505  0000                     _PCON	equ	135
   506  0000                     _PSW	equ	208
   507  0000                     _SBUF	equ	153
   508  0000                     _SCON	equ	152
   509  0000                     _SP	equ	129
   510  0000                     _TCON	equ	136
   511  0000                     _TH0	equ	140
   512  0000                     _TH1	equ	141
   513  0000                     _TL0	equ	138
   514  0000                     _TL1	equ	139
   515  0000                     _TMOD	equ	137
   516  0000                     _ACC_BITS	equ	224
   517  0000                     _B_BITS	equ	240
   518  0000                     _IE_BITS	equ	168
   519  0000                     _IP_BITS	equ	184
   520  0000                     _P0_BITS	equ	128
   521  0000                     _P1_BITS	equ	144
   522  0000                     _P2_BITS	equ	160
   523  0000                     _P3_BITS	equ	176
   524  0000                     _PCON_BITS	equ	135
   525  0000                     _PSW_BITS	equ	208
   526  0000                     _SCON_BITS	equ	152
   527  0000                     _TCON_BITS	equ	136
   528  0000                     _TMOD_BITS	equ	137


HI-TECH Software 8051 Macro Assembler V9.60                                Page 2
Symbol Table                                           Sun Apr 14 06:52:43 2024

       ?a_main 00020              _B 000F0              l3 0027C  
            l4 00279              l5 00136              _P 000D0  
            l6 0027C              l7 00152              l8 0014B  
            l9 0014B             _B0 000F0             _B1 000F1  
           _B2 000F2             _B3 000F3             _B4 000F4  
           _B5 000F5             _B6 000F6             _A8 000A0  
           _B7 000F7             _A9 000A1             _F0 000D5  
           _AC 000D6             l10 00152             l11 0016C  
           l20 00199             l12 00165             l21 00199  
           l13 00165             l30 001D8             l22 001A0  
           l14 0016C             _EA 000AF             l31 001F2  
           l23 001BE             l15 00186             l40 00222  
           l32 001EB             l24 001B7             l16 0017F  
           l41 00222             l33 001EB             l25 001B7  
           l17 0017F             l50 0025D             l42 00229  
           l34 001F2             l26 001BE             l18 00186  
           l51 00277             l43 00243             l35 0020C  
           l27 001D8             l19 001A0             _P0 00080  
           l52 00270             l44 0023C             l36 00205  
           l28 001D1             _P1 00090             l53 00270  
           l45 0023C             l37 00205             l29 001D1  
           _P2 000A0             l54 00277             l46 00243  
           l38 0020C             _P3 000B0             l47 0025D  
           l39 00229             l48 00256             l49 00256  
           _IE 000A8             _T0 000B4             _T1 000B5  
           _ES 000AC             _CY 000D7             _IP 000B8  
           _RD 000B7             u10 0013F             u11 0013D  
           u20 00152             _RI 00098             u21 00150  
           u30 00159             u31 00157             u40 0016C  
           _TI 00099             u41 0016A             u50 00173  
           _PS 000BC             u51 00171             _OV 000D2  
           u60 00186             u61 00184             _SP 00081  
           u70 0018D             u71 0018B             u80 001A0  
           u81 0019E             u90 001AB             u91 001A9  
           _WR 000B6         _B_BITS 000F0            F158 00100  
          _A10 000A2            _A11 000A3            _A12 000A4  
          _A13 000A5            _A14 000A6            _A15 000A7  
          _AD0 00080            _AD1 00081            _AD2 00082  
          _AD3 00083            _AD4 00084            _AD5 00085  
          _AD6 00086            _AD7 00087            _ACC 000E0  
          _P00 00080            _P01 00081            _P10 00090  
          _P02 00082            _P11 00091            _P03 00083  
          _P20 000A0            _P12 00092            _P04 00084  
          _P21 000A1            _P13 00093            _P05 00085  
          _P30 000B0            _P22 000A2            _P14 00094  
          _P06 00086            _P31 000B1            _P23 000A3  
          _P15 00095            _P07 00087            _P32 000B2  
          _P24 000A4            _P16 00096            _P33 000B3  
          _P25 000A5            _P17 00097            _P34 000B4  
          _P26 000A6            _P35 000B5            _P27 000A7  
          _P36 000B6            _P37 000B7            _IE0 00089  
          _IE1 0008B            _ET0 000A9            _ET1 000AB  
          _EX0 000A8            _EX1 000AA            _DPH 00083  
          _DPL 00082            _IT0 00088            _IT1 0008A  
          _RB8 0009A            u100 001BE            u101 001BC  
          u110 001C5            u111 001C3            u200 00243  
          u120 001D8            u201 00241            u121 001D6  
          u210 0024A            u130 001DF            u211 00248  
          u131 001DD            _TF0 0008D            _TB8 0009B  
          u220 0025D            u140 001F2            _TF1 0008F  
          u221 0025B            u141 001F0            u230 00264  
          u150 001F9            u231 00262            u151 001F7  
          _TH0 0008C            u240 00277            u160 0020C  
          _TH1 0008D            u241 00275            u161 0020A  
          u170 00217            u171 00215            u180 00229  
          u181 00227            _SM0 0009F            u190 00230  
          _SM1 0009E            u191 0022E            _TL0 0008A  
          _SM2 0009D            _PT0 000B9            _TL1 0008B  
          _PT1 000BB            _RS0 000D3            _RS1 000D4  
          _REN 0009C            _PX0 000B8            _PX1 000BA  
          _TR0 0008C            _TR1 0008E            _RXD 000B0  
          _PSW 000D0            _TXD 000B1        _P0_BITS 00080  
      _P1_BITS 00090        _P2_BITS 000A0        _P3_BITS 000B0  
      _IE_BITS 000A8       _ACC_BITS 000E0        _IP_BITS 000B8  
         f1410 00112           f1411 0027D           f1412 00000  
         _ACC0 000E0           _ACC1 000E1           _ACC2 000E2  
         _ACC3 000E3           _ACC4 000E4           _ACC5 000E5  
         _ACC6 000E6           _ACC7 000E7  stack_internal 00001  
         _INT0 000B2           _INT1 000B3           _PCON 00087  
         _SCON 00098           _SBUF 00099           _TCON 00088  
         _TMOD 00089           _main 0010F       _PSW_BITS 000D0  
    _PCON_BITS 00087      _SCON_BITS 00098      _TCON_BITS 00088  
      str_copy 00019      _TMOD_BITS 00089  
